Start testing: Jul 14 20:13 India Standard Time
----------------------------------------------------------
1/55 Testing: OrderBook.EmptyBestBidReturnsNullopt
1/55 Test: OrderBook.EmptyBestBidReturnsNullopt
Command: "C:/Mini Exchange/build/tests/TestOrderBook.exe" "--gtest_filter=OrderBook.EmptyBestBidReturnsNullopt" "--gtest_also_run_disabled_tests"
Directory: C:/Mini Exchange/build/tests
"OrderBook.EmptyBestBidReturnsNullopt" start time: Jul 14 20:13 India Standard Time
Output:
----------------------------------------------------------
Running main() from C:/Mini Exchange/build/_deps/googletest-src/googletest/src/gtest_main.cc
Note: Google Test filter = OrderBook.EmptyBestBidReturnsNullopt
[==========] Running 1 test from 1 test suite.
[----------] Global test environment set-up.
[----------] 1 test from OrderBook
[ RUN      ] OrderBook.EmptyBestBidReturnsNullopt
[       OK ] OrderBook.EmptyBestBidReturnsNullopt (0 ms)
[----------] 1 test from OrderBook (0 ms total)

[----------] Global test environment tear-down
[==========] 1 test from 1 test suite ran. (0 ms total)
[  PASSED  ] 1 test.
<end of output>
Test time =   0.02 sec
----------------------------------------------------------
Test Passed.
"OrderBook.EmptyBestBidReturnsNullopt" end time: Jul 14 20:13 India Standard Time
"OrderBook.EmptyBestBidReturnsNullopt" time elapsed: 00:00:00
----------------------------------------------------------

2/55 Testing: OrderBook.EmptyBestAskReturnsNullopt
2/55 Test: OrderBook.EmptyBestAskReturnsNullopt
Command: "C:/Mini Exchange/build/tests/TestOrderBook.exe" "--gtest_filter=OrderBook.EmptyBestAskReturnsNullopt" "--gtest_also_run_disabled_tests"
Directory: C:/Mini Exchange/build/tests
"OrderBook.EmptyBestAskReturnsNullopt" start time: Jul 14 20:13 India Standard Time
Output:
----------------------------------------------------------
Running main() from C:/Mini Exchange/build/_deps/googletest-src/googletest/src/gtest_main.cc
Note: Google Test filter = OrderBook.EmptyBestAskReturnsNullopt
[==========] Running 1 test from 1 test suite.
[----------] Global test environment set-up.
[----------] 1 test from OrderBook
[ RUN      ] OrderBook.EmptyBestAskReturnsNullopt
[       OK ] OrderBook.EmptyBestAskReturnsNullopt (0 ms)
[----------] 1 test from OrderBook (0 ms total)

[----------] Global test environment tear-down
[==========] 1 test from 1 test suite ran. (0 ms total)
[  PASSED  ] 1 test.
<end of output>
Test time =   0.01 sec
----------------------------------------------------------
Test Passed.
"OrderBook.EmptyBestAskReturnsNullopt" end time: Jul 14 20:13 India Standard Time
"OrderBook.EmptyBestAskReturnsNullopt" time elapsed: 00:00:00
----------------------------------------------------------

3/55 Testing: OrderBook.EmptyPeekBestBidReturnsNullopt
3/55 Test: OrderBook.EmptyPeekBestBidReturnsNullopt
Command: "C:/Mini Exchange/build/tests/TestOrderBook.exe" "--gtest_filter=OrderBook.EmptyPeekBestBidReturnsNullopt" "--gtest_also_run_disabled_tests"
Directory: C:/Mini Exchange/build/tests
"OrderBook.EmptyPeekBestBidReturnsNullopt" start time: Jul 14 20:13 India Standard Time
Output:
----------------------------------------------------------
Running main() from C:/Mini Exchange/build/_deps/googletest-src/googletest/src/gtest_main.cc
Note: Google Test filter = OrderBook.EmptyPeekBestBidReturnsNullopt
[==========] Running 1 test from 1 test suite.
[----------] Global test environment set-up.
[----------] 1 test from OrderBook
[ RUN      ] OrderBook.EmptyPeekBestBidReturnsNullopt
[       OK ] OrderBook.EmptyPeekBestBidReturnsNullopt (0 ms)
[----------] 1 test from OrderBook (0 ms total)

[----------] Global test environment tear-down
[==========] 1 test from 1 test suite ran. (0 ms total)
[  PASSED  ] 1 test.
<end of output>
Test time =   0.02 sec
----------------------------------------------------------
Test Passed.
"OrderBook.EmptyPeekBestBidReturnsNullopt" end time: Jul 14 20:13 India Standard Time
"OrderBook.EmptyPeekBestBidReturnsNullopt" time elapsed: 00:00:00
----------------------------------------------------------

4/55 Testing: OrderBook.EmptyPeekBestAskReturnsNullopt
4/55 Test: OrderBook.EmptyPeekBestAskReturnsNullopt
Command: "C:/Mini Exchange/build/tests/TestOrderBook.exe" "--gtest_filter=OrderBook.EmptyPeekBestAskReturnsNullopt" "--gtest_also_run_disabled_tests"
Directory: C:/Mini Exchange/build/tests
"OrderBook.EmptyPeekBestAskReturnsNullopt" start time: Jul 14 20:13 India Standard Time
Output:
----------------------------------------------------------
Running main() from C:/Mini Exchange/build/_deps/googletest-src/googletest/src/gtest_main.cc
Note: Google Test filter = OrderBook.EmptyPeekBestAskReturnsNullopt
[==========] Running 1 test from 1 test suite.
[----------] Global test environment set-up.
[----------] 1 test from OrderBook
[ RUN      ] OrderBook.EmptyPeekBestAskReturnsNullopt
[       OK ] OrderBook.EmptyPeekBestAskReturnsNullopt (0 ms)
[----------] 1 test from OrderBook (0 ms total)

[----------] Global test environment tear-down
[==========] 1 test from 1 test suite ran. (0 ms total)
[  PASSED  ] 1 test.
<end of output>
Test time =   0.02 sec
----------------------------------------------------------
Test Passed.
"OrderBook.EmptyPeekBestAskReturnsNullopt" end time: Jul 14 20:13 India Standard Time
"OrderBook.EmptyPeekBestAskReturnsNullopt" time elapsed: 00:00:00
----------------------------------------------------------

5/55 Testing: OrderBook.CancelUnknownOrderReturnsFalse
5/55 Test: OrderBook.CancelUnknownOrderReturnsFalse
Command: "C:/Mini Exchange/build/tests/TestOrderBook.exe" "--gtest_filter=OrderBook.CancelUnknownOrderReturnsFalse" "--gtest_also_run_disabled_tests"
Directory: C:/Mini Exchange/build/tests
"OrderBook.CancelUnknownOrderReturnsFalse" start time: Jul 14 20:13 India Standard Time
Output:
----------------------------------------------------------
Running main() from C:/Mini Exchange/build/_deps/googletest-src/googletest/src/gtest_main.cc
Note: Google Test filter = OrderBook.CancelUnknownOrderReturnsFalse
[==========] Running 1 test from 1 test suite.
[----------] Global test environment set-up.
[----------] 1 test from OrderBook
[ RUN      ] OrderBook.CancelUnknownOrderReturnsFalse
[       OK ] OrderBook.CancelUnknownOrderReturnsFalse (0 ms)
[----------] 1 test from OrderBook (0 ms total)

[----------] Global test environment tear-down
[==========] 1 test from 1 test suite ran. (0 ms total)
[  PASSED  ] 1 test.
<end of output>
Test time =   0.02 sec
----------------------------------------------------------
Test Passed.
"OrderBook.CancelUnknownOrderReturnsFalse" end time: Jul 14 20:13 India Standard Time
"OrderBook.CancelUnknownOrderReturnsFalse" time elapsed: 00:00:00
----------------------------------------------------------

6/55 Testing: OrderBook.CancelAndReturnUnknownOrderReturnsNullopt
6/55 Test: OrderBook.CancelAndReturnUnknownOrderReturnsNullopt
Command: "C:/Mini Exchange/build/tests/TestOrderBook.exe" "--gtest_filter=OrderBook.CancelAndReturnUnknownOrderReturnsNullopt" "--gtest_also_run_disabled_tests"
Directory: C:/Mini Exchange/build/tests
"OrderBook.CancelAndReturnUnknownOrderReturnsNullopt" start time: Jul 14 20:13 India Standard Time
Output:
----------------------------------------------------------
Running main() from C:/Mini Exchange/build/_deps/googletest-src/googletest/src/gtest_main.cc
Note: Google Test filter = OrderBook.CancelAndReturnUnknownOrderReturnsNullopt
[==========] Running 1 test from 1 test suite.
[----------] Global test environment set-up.
[----------] 1 test from OrderBook
[ RUN      ] OrderBook.CancelAndReturnUnknownOrderReturnsNullopt
[       OK ] OrderBook.CancelAndReturnUnknownOrderReturnsNullopt (0 ms)
[----------] 1 test from OrderBook (0 ms total)

[----------] Global test environment tear-down
[==========] 1 test from 1 test suite ran. (0 ms total)
[  PASSED  ] 1 test.
<end of output>
Test time =   0.01 sec
----------------------------------------------------------
Test Passed.
"OrderBook.CancelAndReturnUnknownOrderReturnsNullopt" end time: Jul 14 20:13 India Standard Time
"OrderBook.CancelAndReturnUnknownOrderReturnsNullopt" time elapsed: 00:00:00
----------------------------------------------------------

7/55 Testing: OrderBook.AddBidAndQueryBestBid
7/55 Test: OrderBook.AddBidAndQueryBestBid
Command: "C:/Mini Exchange/build/tests/TestOrderBook.exe" "--gtest_filter=OrderBook.AddBidAndQueryBestBid" "--gtest_also_run_disabled_tests"
Directory: C:/Mini Exchange/build/tests
"OrderBook.AddBidAndQueryBestBid" start time: Jul 14 20:13 India Standard Time
Output:
----------------------------------------------------------
Running main() from C:/Mini Exchange/build/_deps/googletest-src/googletest/src/gtest_main.cc
Note: Google Test filter = OrderBook.AddBidAndQueryBestBid
[==========] Running 1 test from 1 test suite.
[----------] Global test environment set-up.
[----------] 1 test from OrderBook
[ RUN      ] OrderBook.AddBidAndQueryBestBid
[       OK ] OrderBook.AddBidAndQueryBestBid (0 ms)
[----------] 1 test from OrderBook (0 ms total)

[----------] Global test environment tear-down
[==========] 1 test from 1 test suite ran. (0 ms total)
[  PASSED  ] 1 test.
<end of output>
Test time =   0.01 sec
----------------------------------------------------------
Test Passed.
"OrderBook.AddBidAndQueryBestBid" end time: Jul 14 20:13 India Standard Time
"OrderBook.AddBidAndQueryBestBid" time elapsed: 00:00:00
----------------------------------------------------------

8/55 Testing: OrderBook.AddAskAndQueryBestAsk
8/55 Test: OrderBook.AddAskAndQueryBestAsk
Command: "C:/Mini Exchange/build/tests/TestOrderBook.exe" "--gtest_filter=OrderBook.AddAskAndQueryBestAsk" "--gtest_also_run_disabled_tests"
Directory: C:/Mini Exchange/build/tests
"OrderBook.AddAskAndQueryBestAsk" start time: Jul 14 20:13 India Standard Time
Output:
----------------------------------------------------------
Running main() from C:/Mini Exchange/build/_deps/googletest-src/googletest/src/gtest_main.cc
Note: Google Test filter = OrderBook.AddAskAndQueryBestAsk
[==========] Running 1 test from 1 test suite.
[----------] Global test environment set-up.
[----------] 1 test from OrderBook
[ RUN      ] OrderBook.AddAskAndQueryBestAsk
[       OK ] OrderBook.AddAskAndQueryBestAsk (0 ms)
[----------] 1 test from OrderBook (0 ms total)

[----------] Global test environment tear-down
[==========] 1 test from 1 test suite ran. (0 ms total)
[  PASSED  ] 1 test.
<end of output>
Test time =   0.02 sec
----------------------------------------------------------
Test Passed.
"OrderBook.AddAskAndQueryBestAsk" end time: Jul 14 20:13 India Standard Time
"OrderBook.AddAskAndQueryBestAsk" time elapsed: 00:00:00
----------------------------------------------------------

9/55 Testing: OrderBook.PeekBestBidReturnsCorrectFields
9/55 Test: OrderBook.PeekBestBidReturnsCorrectFields
Command: "C:/Mini Exchange/build/tests/TestOrderBook.exe" "--gtest_filter=OrderBook.PeekBestBidReturnsCorrectFields" "--gtest_also_run_disabled_tests"
Directory: C:/Mini Exchange/build/tests
"OrderBook.PeekBestBidReturnsCorrectFields" start time: Jul 14 20:13 India Standard Time
Output:
----------------------------------------------------------
Running main() from C:/Mini Exchange/build/_deps/googletest-src/googletest/src/gtest_main.cc
Note: Google Test filter = OrderBook.PeekBestBidReturnsCorrectFields
[==========] Running 1 test from 1 test suite.
[----------] Global test environment set-up.
[----------] 1 test from OrderBook
[ RUN      ] OrderBook.PeekBestBidReturnsCorrectFields
[       OK ] OrderBook.PeekBestBidReturnsCorrectFields (0 ms)
[----------] 1 test from OrderBook (0 ms total)

[----------] Global test environment tear-down
[==========] 1 test from 1 test suite ran. (0 ms total)
[  PASSED  ] 1 test.
<end of output>
Test time =   0.01 sec
----------------------------------------------------------
Test Passed.
"OrderBook.PeekBestBidReturnsCorrectFields" end time: Jul 14 20:13 India Standard Time
"OrderBook.PeekBestBidReturnsCorrectFields" time elapsed: 00:00:00
----------------------------------------------------------

10/55 Testing: OrderBook.BidsSortedByPriceDescending
10/55 Test: OrderBook.BidsSortedByPriceDescending
Command: "C:/Mini Exchange/build/tests/TestOrderBook.exe" "--gtest_filter=OrderBook.BidsSortedByPriceDescending" "--gtest_also_run_disabled_tests"
Directory: C:/Mini Exchange/build/tests
"OrderBook.BidsSortedByPriceDescending" start time: Jul 14 20:13 India Standard Time
Output:
----------------------------------------------------------
Running main() from C:/Mini Exchange/build/_deps/googletest-src/googletest/src/gtest_main.cc
Note: Google Test filter = OrderBook.BidsSortedByPriceDescending
[==========] Running 1 test from 1 test suite.
[----------] Global test environment set-up.
[----------] 1 test from OrderBook
[ RUN      ] OrderBook.BidsSortedByPriceDescending
[       OK ] OrderBook.BidsSortedByPriceDescending (0 ms)
[----------] 1 test from OrderBook (0 ms total)

[----------] Global test environment tear-down
[==========] 1 test from 1 test suite ran. (0 ms total)
[  PASSED  ] 1 test.
<end of output>
Test time =   0.02 sec
----------------------------------------------------------
Test Passed.
"OrderBook.BidsSortedByPriceDescending" end time: Jul 14 20:13 India Standard Time
"OrderBook.BidsSortedByPriceDescending" time elapsed: 00:00:00
----------------------------------------------------------

11/55 Testing: OrderBook.AsksSortedByPriceAscending
11/55 Test: OrderBook.AsksSortedByPriceAscending
Command: "C:/Mini Exchange/build/tests/TestOrderBook.exe" "--gtest_filter=OrderBook.AsksSortedByPriceAscending" "--gtest_also_run_disabled_tests"
Directory: C:/Mini Exchange/build/tests
"OrderBook.AsksSortedByPriceAscending" start time: Jul 14 20:13 India Standard Time
Output:
----------------------------------------------------------
Running main() from C:/Mini Exchange/build/_deps/googletest-src/googletest/src/gtest_main.cc
Note: Google Test filter = OrderBook.AsksSortedByPriceAscending
[==========] Running 1 test from 1 test suite.
[----------] Global test environment set-up.
[----------] 1 test from OrderBook
[ RUN      ] OrderBook.AsksSortedByPriceAscending
[       OK ] OrderBook.AsksSortedByPriceAscending (0 ms)
[----------] 1 test from OrderBook (0 ms total)

[----------] Global test environment tear-down
[==========] 1 test from 1 test suite ran. (0 ms total)
[  PASSED  ] 1 test.
<end of output>
Test time =   0.01 sec
----------------------------------------------------------
Test Passed.
"OrderBook.AsksSortedByPriceAscending" end time: Jul 14 20:13 India Standard Time
"OrderBook.AsksSortedByPriceAscending" time elapsed: 00:00:00
----------------------------------------------------------

12/55 Testing: OrderBook.SamePriceBidsObeyTimeOrder
12/55 Test: OrderBook.SamePriceBidsObeyTimeOrder
Command: "C:/Mini Exchange/build/tests/TestOrderBook.exe" "--gtest_filter=OrderBook.SamePriceBidsObeyTimeOrder" "--gtest_also_run_disabled_tests"
Directory: C:/Mini Exchange/build/tests
"OrderBook.SamePriceBidsObeyTimeOrder" start time: Jul 14 20:13 India Standard Time
Output:
----------------------------------------------------------
Running main() from C:/Mini Exchange/build/_deps/googletest-src/googletest/src/gtest_main.cc
Note: Google Test filter = OrderBook.SamePriceBidsObeyTimeOrder
[==========] Running 1 test from 1 test suite.
[----------] Global test environment set-up.
[----------] 1 test from OrderBook
[ RUN      ] OrderBook.SamePriceBidsObeyTimeOrder
[       OK ] OrderBook.SamePriceBidsObeyTimeOrder (0 ms)
[----------] 1 test from OrderBook (0 ms total)

[----------] Global test environment tear-down
[==========] 1 test from 1 test suite ran. (0 ms total)
[  PASSED  ] 1 test.
<end of output>
Test time =   0.02 sec
----------------------------------------------------------
Test Passed.
"OrderBook.SamePriceBidsObeyTimeOrder" end time: Jul 14 20:13 India Standard Time
"OrderBook.SamePriceBidsObeyTimeOrder" time elapsed: 00:00:00
----------------------------------------------------------

13/55 Testing: OrderBook.CancelRemovesOrderAndReturnsTrue
13/55 Test: OrderBook.CancelRemovesOrderAndReturnsTrue
Command: "C:/Mini Exchange/build/tests/TestOrderBook.exe" "--gtest_filter=OrderBook.CancelRemovesOrderAndReturnsTrue" "--gtest_also_run_disabled_tests"
Directory: C:/Mini Exchange/build/tests
"OrderBook.CancelRemovesOrderAndReturnsTrue" start time: Jul 14 20:13 India Standard Time
Output:
----------------------------------------------------------
Running main() from C:/Mini Exchange/build/_deps/googletest-src/googletest/src/gtest_main.cc
Note: Google Test filter = OrderBook.CancelRemovesOrderAndReturnsTrue
[==========] Running 1 test from 1 test suite.
[----------] Global test environment set-up.
[----------] 1 test from OrderBook
[ RUN      ] OrderBook.CancelRemovesOrderAndReturnsTrue
[       OK ] OrderBook.CancelRemovesOrderAndReturnsTrue (0 ms)
[----------] 1 test from OrderBook (0 ms total)

[----------] Global test environment tear-down
[==========] 1 test from 1 test suite ran. (0 ms total)
[  PASSED  ] 1 test.
<end of output>
Test time =   0.02 sec
----------------------------------------------------------
Test Passed.
"OrderBook.CancelRemovesOrderAndReturnsTrue" end time: Jul 14 20:13 India Standard Time
"OrderBook.CancelRemovesOrderAndReturnsTrue" time elapsed: 00:00:00
----------------------------------------------------------

14/55 Testing: OrderBook.DoubleCancelReturnsFalse
14/55 Test: OrderBook.DoubleCancelReturnsFalse
Command: "C:/Mini Exchange/build/tests/TestOrderBook.exe" "--gtest_filter=OrderBook.DoubleCancelReturnsFalse" "--gtest_also_run_disabled_tests"
Directory: C:/Mini Exchange/build/tests
"OrderBook.DoubleCancelReturnsFalse" start time: Jul 14 20:13 India Standard Time
Output:
----------------------------------------------------------
Running main() from C:/Mini Exchange/build/_deps/googletest-src/googletest/src/gtest_main.cc
Note: Google Test filter = OrderBook.DoubleCancelReturnsFalse
[==========] Running 1 test from 1 test suite.
[----------] Global test environment set-up.
[----------] 1 test from OrderBook
[ RUN      ] OrderBook.DoubleCancelReturnsFalse
[       OK ] OrderBook.DoubleCancelReturnsFalse (0 ms)
[----------] 1 test from OrderBook (0 ms total)

[----------] Global test environment tear-down
[==========] 1 test from 1 test suite ran. (0 ms total)
[  PASSED  ] 1 test.
<end of output>
Test time =   0.02 sec
----------------------------------------------------------
Test Passed.
"OrderBook.DoubleCancelReturnsFalse" end time: Jul 14 20:13 India Standard Time
"OrderBook.DoubleCancelReturnsFalse" time elapsed: 00:00:00
----------------------------------------------------------

15/55 Testing: OrderBook.CancelAndReturnPreservesOrderData
15/55 Test: OrderBook.CancelAndReturnPreservesOrderData
Command: "C:/Mini Exchange/build/tests/TestOrderBook.exe" "--gtest_filter=OrderBook.CancelAndReturnPreservesOrderData" "--gtest_also_run_disabled_tests"
Directory: C:/Mini Exchange/build/tests
"OrderBook.CancelAndReturnPreservesOrderData" start time: Jul 14 20:13 India Standard Time
Output:
----------------------------------------------------------
Running main() from C:/Mini Exchange/build/_deps/googletest-src/googletest/src/gtest_main.cc
Note: Google Test filter = OrderBook.CancelAndReturnPreservesOrderData
[==========] Running 1 test from 1 test suite.
[----------] Global test environment set-up.
[----------] 1 test from OrderBook
[ RUN      ] OrderBook.CancelAndReturnPreservesOrderData
[       OK ] OrderBook.CancelAndReturnPreservesOrderData (0 ms)
[----------] 1 test from OrderBook (0 ms total)

[----------] Global test environment tear-down
[==========] 1 test from 1 test suite ran. (0 ms total)
[  PASSED  ] 1 test.
<end of output>
Test time =   0.01 sec
----------------------------------------------------------
Test Passed.
"OrderBook.CancelAndReturnPreservesOrderData" end time: Jul 14 20:13 India Standard Time
"OrderBook.CancelAndReturnPreservesOrderData" time elapsed: 00:00:00
----------------------------------------------------------

16/55 Testing: OrderBook.CancelMiddleOrderDoesNotAffectNeighbours
16/55 Test: OrderBook.CancelMiddleOrderDoesNotAffectNeighbours
Command: "C:/Mini Exchange/build/tests/TestOrderBook.exe" "--gtest_filter=OrderBook.CancelMiddleOrderDoesNotAffectNeighbours" "--gtest_also_run_disabled_tests"
Directory: C:/Mini Exchange/build/tests
"OrderBook.CancelMiddleOrderDoesNotAffectNeighbours" start time: Jul 14 20:13 India Standard Time
Output:
----------------------------------------------------------
Running main() from C:/Mini Exchange/build/_deps/googletest-src/googletest/src/gtest_main.cc
Note: Google Test filter = OrderBook.CancelMiddleOrderDoesNotAffectNeighbours
[==========] Running 1 test from 1 test suite.
[----------] Global test environment set-up.
[----------] 1 test from OrderBook
[ RUN      ] OrderBook.CancelMiddleOrderDoesNotAffectNeighbours
[       OK ] OrderBook.CancelMiddleOrderDoesNotAffectNeighbours (0 ms)
[----------] 1 test from OrderBook (0 ms total)

[----------] Global test environment tear-down
[==========] 1 test from 1 test suite ran. (0 ms total)
[  PASSED  ] 1 test.
<end of output>
Test time =   0.02 sec
----------------------------------------------------------
Test Passed.
"OrderBook.CancelMiddleOrderDoesNotAffectNeighbours" end time: Jul 14 20:13 India Standard Time
"OrderBook.CancelMiddleOrderDoesNotAffectNeighbours" time elapsed: 00:00:00
----------------------------------------------------------

17/55 Testing: OrderBook.CancelAllOrdersAtLevelClearsLevel
17/55 Test: OrderBook.CancelAllOrdersAtLevelClearsLevel
Command: "C:/Mini Exchange/build/tests/TestOrderBook.exe" "--gtest_filter=OrderBook.CancelAllOrdersAtLevelClearsLevel" "--gtest_also_run_disabled_tests"
Directory: C:/Mini Exchange/build/tests
"OrderBook.CancelAllOrdersAtLevelClearsLevel" start time: Jul 14 20:13 India Standard Time
Output:
----------------------------------------------------------
Running main() from C:/Mini Exchange/build/_deps/googletest-src/googletest/src/gtest_main.cc
Note: Google Test filter = OrderBook.CancelAllOrdersAtLevelClearsLevel
[==========] Running 1 test from 1 test suite.
[----------] Global test environment set-up.
[----------] 1 test from OrderBook
[ RUN      ] OrderBook.CancelAllOrdersAtLevelClearsLevel
[       OK ] OrderBook.CancelAllOrdersAtLevelClearsLevel (0 ms)
[----------] 1 test from OrderBook (0 ms total)

[----------] Global test environment tear-down
[==========] 1 test from 1 test suite ran. (0 ms total)
[  PASSED  ] 1 test.
<end of output>
Test time =   0.02 sec
----------------------------------------------------------
Test Passed.
"OrderBook.CancelAllOrdersAtLevelClearsLevel" end time: Jul 14 20:13 India Standard Time
"OrderBook.CancelAllOrdersAtLevelClearsLevel" time elapsed: 00:00:00
----------------------------------------------------------

18/55 Testing: OrderBook.FillBestAskPartial
18/55 Test: OrderBook.FillBestAskPartial
Command: "C:/Mini Exchange/build/tests/TestOrderBook.exe" "--gtest_filter=OrderBook.FillBestAskPartial" "--gtest_also_run_disabled_tests"
Directory: C:/Mini Exchange/build/tests
"OrderBook.FillBestAskPartial" start time: Jul 14 20:13 India Standard Time
Output:
----------------------------------------------------------
Running main() from C:/Mini Exchange/build/_deps/googletest-src/googletest/src/gtest_main.cc
Note: Google Test filter = OrderBook.FillBestAskPartial
[==========] Running 1 test from 1 test suite.
[----------] Global test environment set-up.
[----------] 1 test from OrderBook
[ RUN      ] OrderBook.FillBestAskPartial
[       OK ] OrderBook.FillBestAskPartial (0 ms)
[----------] 1 test from OrderBook (0 ms total)

[----------] Global test environment tear-down
[==========] 1 test from 1 test suite ran. (0 ms total)
[  PASSED  ] 1 test.
<end of output>
Test time =   0.02 sec
----------------------------------------------------------
Test Passed.
"OrderBook.FillBestAskPartial" end time: Jul 14 20:13 India Standard Time
"OrderBook.FillBestAskPartial" time elapsed: 00:00:00
----------------------------------------------------------

19/55 Testing: OrderBook.FillBestAskFullRemovesOrder
19/55 Test: OrderBook.FillBestAskFullRemovesOrder
Command: "C:/Mini Exchange/build/tests/TestOrderBook.exe" "--gtest_filter=OrderBook.FillBestAskFullRemovesOrder" "--gtest_also_run_disabled_tests"
Directory: C:/Mini Exchange/build/tests
"OrderBook.FillBestAskFullRemovesOrder" start time: Jul 14 20:13 India Standard Time
Output:
----------------------------------------------------------
Running main() from C:/Mini Exchange/build/_deps/googletest-src/googletest/src/gtest_main.cc
Note: Google Test filter = OrderBook.FillBestAskFullRemovesOrder
[==========] Running 1 test from 1 test suite.
[----------] Global test environment set-up.
[----------] 1 test from OrderBook
[ RUN      ] OrderBook.FillBestAskFullRemovesOrder
[       OK ] OrderBook.FillBestAskFullRemovesOrder (0 ms)
[----------] 1 test from OrderBook (0 ms total)

[----------] Global test environment tear-down
[==========] 1 test from 1 test suite ran. (0 ms total)
[  PASSED  ] 1 test.
<end of output>
Test time =   0.02 sec
----------------------------------------------------------
Test Passed.
"OrderBook.FillBestAskFullRemovesOrder" end time: Jul 14 20:13 India Standard Time
"OrderBook.FillBestAskFullRemovesOrder" time elapsed: 00:00:00
----------------------------------------------------------

20/55 Testing: OrderBook.FillBestBidFullRemovesOrder
20/55 Test: OrderBook.FillBestBidFullRemovesOrder
Command: "C:/Mini Exchange/build/tests/TestOrderBook.exe" "--gtest_filter=OrderBook.FillBestBidFullRemovesOrder" "--gtest_also_run_disabled_tests"
Directory: C:/Mini Exchange/build/tests
"OrderBook.FillBestBidFullRemovesOrder" start time: Jul 14 20:13 India Standard Time
Output:
----------------------------------------------------------
Running main() from C:/Mini Exchange/build/_deps/googletest-src/googletest/src/gtest_main.cc
Note: Google Test filter = OrderBook.FillBestBidFullRemovesOrder
[==========] Running 1 test from 1 test suite.
[----------] Global test environment set-up.
[----------] 1 test from OrderBook
[ RUN      ] OrderBook.FillBestBidFullRemovesOrder
[       OK ] OrderBook.FillBestBidFullRemovesOrder (0 ms)
[----------] 1 test from OrderBook (0 ms total)

[----------] Global test environment tear-down
[==========] 1 test from 1 test suite ran. (0 ms total)
[  PASSED  ] 1 test.
<end of output>
Test time =   0.01 sec
----------------------------------------------------------
Test Passed.
"OrderBook.FillBestBidFullRemovesOrder" end time: Jul 14 20:13 India Standard Time
"OrderBook.FillBestBidFullRemovesOrder" time elapsed: 00:00:00
----------------------------------------------------------

21/55 Testing: OrderBook.AddMarketOrderThrows
21/55 Test: OrderBook.AddMarketOrderThrows
Command: "C:/Mini Exchange/build/tests/TestOrderBook.exe" "--gtest_filter=OrderBook.AddMarketOrderThrows" "--gtest_also_run_disabled_tests"
Directory: C:/Mini Exchange/build/tests
"OrderBook.AddMarketOrderThrows" start time: Jul 14 20:13 India Standard Time
Output:
----------------------------------------------------------
Running main() from C:/Mini Exchange/build/_deps/googletest-src/googletest/src/gtest_main.cc
Note: Google Test filter = OrderBook.AddMarketOrderThrows
[==========] Running 1 test from 1 test suite.
[----------] Global test environment set-up.
[----------] 1 test from OrderBook
[ RUN      ] OrderBook.AddMarketOrderThrows
[       OK ] OrderBook.AddMarketOrderThrows (0 ms)
[----------] 1 test from OrderBook (0 ms total)

[----------] Global test environment tear-down
[==========] 1 test from 1 test suite ran. (0 ms total)
[  PASSED  ] 1 test.
<end of output>
Test time =   0.01 sec
----------------------------------------------------------
Test Passed.
"OrderBook.AddMarketOrderThrows" end time: Jul 14 20:13 India Standard Time
"OrderBook.AddMarketOrderThrows" time elapsed: 00:00:00
----------------------------------------------------------

22/55 Testing: OrderBook.GetSymbolReturnsCorrectValue
22/55 Test: OrderBook.GetSymbolReturnsCorrectValue
Command: "C:/Mini Exchange/build/tests/TestOrderBook.exe" "--gtest_filter=OrderBook.GetSymbolReturnsCorrectValue" "--gtest_also_run_disabled_tests"
Directory: C:/Mini Exchange/build/tests
"OrderBook.GetSymbolReturnsCorrectValue" start time: Jul 14 20:13 India Standard Time
Output:
----------------------------------------------------------
Running main() from C:/Mini Exchange/build/_deps/googletest-src/googletest/src/gtest_main.cc
Note: Google Test filter = OrderBook.GetSymbolReturnsCorrectValue
[==========] Running 1 test from 1 test suite.
[----------] Global test environment set-up.
[----------] 1 test from OrderBook
[ RUN      ] OrderBook.GetSymbolReturnsCorrectValue
[       OK ] OrderBook.GetSymbolReturnsCorrectValue (0 ms)
[----------] 1 test from OrderBook (0 ms total)

[----------] Global test environment tear-down
[==========] 1 test from 1 test suite ran. (0 ms total)
[  PASSED  ] 1 test.
<end of output>
Test time =   0.01 sec
----------------------------------------------------------
Test Passed.
"OrderBook.GetSymbolReturnsCorrectValue" end time: Jul 14 20:13 India Standard Time
"OrderBook.GetSymbolReturnsCorrectValue" time elapsed: 00:00:00
----------------------------------------------------------

23/55 Testing: MatchingEngineTest.BuyBelowAskRests
23/55 Test: MatchingEngineTest.BuyBelowAskRests
Command: "C:/Mini Exchange/build/tests/TestMatchingEngine.exe" "--gtest_filter=MatchingEngineTest.BuyBelowAskRests" "--gtest_also_run_disabled_tests"
Directory: C:/Mini Exchange/build/tests
"MatchingEngineTest.BuyBelowAskRests" start time: Jul 14 20:13 India Standard Time
Output:
----------------------------------------------------------
Running main() from C:/Mini Exchange/build/_deps/googletest-src/googletest/src/gtest_main.cc
Note: Google Test filter = MatchingEngineTest.BuyBelowAskRests
[==========] Running 1 test from 1 test suite.
[----------] Global test environment set-up.
[----------] 1 test from MatchingEngineTest
[ RUN      ] MatchingEngineTest.BuyBelowAskRests
[       OK ] MatchingEngineTest.BuyBelowAskRests (0 ms)
[----------] 1 test from MatchingEngineTest (0 ms total)

[----------] Global test environment tear-down
[==========] 1 test from 1 test suite ran. (0 ms total)
[  PASSED  ] 1 test.
<end of output>
Test time =   0.01 sec
----------------------------------------------------------
Test Passed.
"MatchingEngineTest.BuyBelowAskRests" end time: Jul 14 20:13 India Standard Time
"MatchingEngineTest.BuyBelowAskRests" time elapsed: 00:00:00
----------------------------------------------------------

24/55 Testing: MatchingEngineTest.SellAboveBidRests
24/55 Test: MatchingEngineTest.SellAboveBidRests
Command: "C:/Mini Exchange/build/tests/TestMatchingEngine.exe" "--gtest_filter=MatchingEngineTest.SellAboveBidRests" "--gtest_also_run_disabled_tests"
Directory: C:/Mini Exchange/build/tests
"MatchingEngineTest.SellAboveBidRests" start time: Jul 14 20:13 India Standard Time
Output:
----------------------------------------------------------
Running main() from C:/Mini Exchange/build/_deps/googletest-src/googletest/src/gtest_main.cc
Note: Google Test filter = MatchingEngineTest.SellAboveBidRests
[==========] Running 1 test from 1 test suite.
[----------] Global test environment set-up.
[----------] 1 test from MatchingEngineTest
[ RUN      ] MatchingEngineTest.SellAboveBidRests
[       OK ] MatchingEngineTest.SellAboveBidRests (0 ms)
[----------] 1 test from MatchingEngineTest (0 ms total)

[----------] Global test environment tear-down
[==========] 1 test from 1 test suite ran. (0 ms total)
[  PASSED  ] 1 test.
<end of output>
Test time =   0.01 sec
----------------------------------------------------------
Test Passed.
"MatchingEngineTest.SellAboveBidRests" end time: Jul 14 20:13 India Standard Time
"MatchingEngineTest.SellAboveBidRests" time elapsed: 00:00:00
----------------------------------------------------------

25/55 Testing: MatchingEngineTest.ExactFullFill
25/55 Test: MatchingEngineTest.ExactFullFill
Command: "C:/Mini Exchange/build/tests/TestMatchingEngine.exe" "--gtest_filter=MatchingEngineTest.ExactFullFill" "--gtest_also_run_disabled_tests"
Directory: C:/Mini Exchange/build/tests
"MatchingEngineTest.ExactFullFill" start time: Jul 14 20:13 India Standard Time
Output:
----------------------------------------------------------
Running main() from C:/Mini Exchange/build/_deps/googletest-src/googletest/src/gtest_main.cc
Note: Google Test filter = MatchingEngineTest.ExactFullFill
[==========] Running 1 test from 1 test suite.
[----------] Global test environment set-up.
[----------] 1 test from MatchingEngineTest
[ RUN      ] MatchingEngineTest.ExactFullFill
[       OK ] MatchingEngineTest.ExactFullFill (0 ms)
[----------] 1 test from MatchingEngineTest (0 ms total)

[----------] Global test environment tear-down
[==========] 1 test from 1 test suite ran. (0 ms total)
[  PASSED  ] 1 test.
<end of output>
Test time =   0.01 sec
----------------------------------------------------------
Test Passed.
"MatchingEngineTest.ExactFullFill" end time: Jul 14 20:13 India Standard Time
"MatchingEngineTest.ExactFullFill" time elapsed: 00:00:00
----------------------------------------------------------

26/55 Testing: MatchingEngineTest.IncomingBuyPartiallyFillsResting
26/55 Test: MatchingEngineTest.IncomingBuyPartiallyFillsResting
Command: "C:/Mini Exchange/build/tests/TestMatchingEngine.exe" "--gtest_filter=MatchingEngineTest.IncomingBuyPartiallyFillsResting" "--gtest_also_run_disabled_tests"
Directory: C:/Mini Exchange/build/tests
"MatchingEngineTest.IncomingBuyPartiallyFillsResting" start time: Jul 14 20:13 India Standard Time
Output:
----------------------------------------------------------
Running main() from C:/Mini Exchange/build/_deps/googletest-src/googletest/src/gtest_main.cc
Note: Google Test filter = MatchingEngineTest.IncomingBuyPartiallyFillsResting
[==========] Running 1 test from 1 test suite.
[----------] Global test environment set-up.
[----------] 1 test from MatchingEngineTest
[ RUN      ] MatchingEngineTest.IncomingBuyPartiallyFillsResting
[       OK ] MatchingEngineTest.IncomingBuyPartiallyFillsResting (0 ms)
[----------] 1 test from MatchingEngineTest (0 ms total)

[----------] Global test environment tear-down
[==========] 1 test from 1 test suite ran. (0 ms total)
[  PASSED  ] 1 test.
<end of output>
Test time =   0.01 sec
----------------------------------------------------------
Test Passed.
"MatchingEngineTest.IncomingBuyPartiallyFillsResting" end time: Jul 14 20:13 India Standard Time
"MatchingEngineTest.IncomingBuyPartiallyFillsResting" time elapsed: 00:00:00
----------------------------------------------------------

27/55 Testing: MatchingEngineTest.IncomingBuyLargerThanResting
27/55 Test: MatchingEngineTest.IncomingBuyLargerThanResting
Command: "C:/Mini Exchange/build/tests/TestMatchingEngine.exe" "--gtest_filter=MatchingEngineTest.IncomingBuyLargerThanResting" "--gtest_also_run_disabled_tests"
Directory: C:/Mini Exchange/build/tests
"MatchingEngineTest.IncomingBuyLargerThanResting" start time: Jul 14 20:13 India Standard Time
Output:
----------------------------------------------------------
Running main() from C:/Mini Exchange/build/_deps/googletest-src/googletest/src/gtest_main.cc
Note: Google Test filter = MatchingEngineTest.IncomingBuyLargerThanResting
[==========] Running 1 test from 1 test suite.
[----------] Global test environment set-up.
[----------] 1 test from MatchingEngineTest
[ RUN      ] MatchingEngineTest.IncomingBuyLargerThanResting
[       OK ] MatchingEngineTest.IncomingBuyLargerThanResting (0 ms)
[----------] 1 test from MatchingEngineTest (0 ms total)

[----------] Global test environment tear-down
[==========] 1 test from 1 test suite ran. (0 ms total)
[  PASSED  ] 1 test.
<end of output>
Test time =   0.01 sec
----------------------------------------------------------
Test Passed.
"MatchingEngineTest.IncomingBuyLargerThanResting" end time: Jul 14 20:13 India Standard Time
"MatchingEngineTest.IncomingBuyLargerThanResting" time elapsed: 00:00:00
----------------------------------------------------------

28/55 Testing: MatchingEngineTest.BuySweepesTwoPriceLevels
28/55 Test: MatchingEngineTest.BuySweepesTwoPriceLevels
Command: "C:/Mini Exchange/build/tests/TestMatchingEngine.exe" "--gtest_filter=MatchingEngineTest.BuySweepesTwoPriceLevels" "--gtest_also_run_disabled_tests"
Directory: C:/Mini Exchange/build/tests
"MatchingEngineTest.BuySweepesTwoPriceLevels" start time: Jul 14 20:13 India Standard Time
Output:
----------------------------------------------------------
Running main() from C:/Mini Exchange/build/_deps/googletest-src/googletest/src/gtest_main.cc
Note: Google Test filter = MatchingEngineTest.BuySweepesTwoPriceLevels
[==========] Running 1 test from 1 test suite.
[----------] Global test environment set-up.
[----------] 1 test from MatchingEngineTest
[ RUN      ] MatchingEngineTest.BuySweepesTwoPriceLevels
[       OK ] MatchingEngineTest.BuySweepesTwoPriceLevels (0 ms)
[----------] 1 test from MatchingEngineTest (0 ms total)

[----------] Global test environment tear-down
[==========] 1 test from 1 test suite ran. (0 ms total)
[  PASSED  ] 1 test.
<end of output>
Test time =   0.01 sec
----------------------------------------------------------
Test Passed.
"MatchingEngineTest.BuySweepesTwoPriceLevels" end time: Jul 14 20:13 India Standard Time
"MatchingEngineTest.BuySweepesTwoPriceLevels" time elapsed: 00:00:00
----------------------------------------------------------

29/55 Testing: MatchingEngineTest.TradePriceIsRestingPrice
29/55 Test: MatchingEngineTest.TradePriceIsRestingPrice
Command: "C:/Mini Exchange/build/tests/TestMatchingEngine.exe" "--gtest_filter=MatchingEngineTest.TradePriceIsRestingPrice" "--gtest_also_run_disabled_tests"
Directory: C:/Mini Exchange/build/tests
"MatchingEngineTest.TradePriceIsRestingPrice" start time: Jul 14 20:13 India Standard Time
Output:
----------------------------------------------------------
Running main() from C:/Mini Exchange/build/_deps/googletest-src/googletest/src/gtest_main.cc
Note: Google Test filter = MatchingEngineTest.TradePriceIsRestingPrice
[==========] Running 1 test from 1 test suite.
[----------] Global test environment set-up.
[----------] 1 test from MatchingEngineTest
[ RUN      ] MatchingEngineTest.TradePriceIsRestingPrice
[       OK ] MatchingEngineTest.TradePriceIsRestingPrice (0 ms)
[----------] 1 test from MatchingEngineTest (0 ms total)

[----------] Global test environment tear-down
[==========] 1 test from 1 test suite ran. (0 ms total)
[  PASSED  ] 1 test.
<end of output>
Test time =   0.01 sec
----------------------------------------------------------
Test Passed.
"MatchingEngineTest.TradePriceIsRestingPrice" end time: Jul 14 20:13 India Standard Time
"MatchingEngineTest.TradePriceIsRestingPrice" time elapsed: 00:00:00
----------------------------------------------------------

30/55 Testing: MatchingEngineTest.MarketBuyAgainstEmptyBookNoTrade
30/55 Test: MatchingEngineTest.MarketBuyAgainstEmptyBookNoTrade
Command: "C:/Mini Exchange/build/tests/TestMatchingEngine.exe" "--gtest_filter=MatchingEngineTest.MarketBuyAgainstEmptyBookNoTrade" "--gtest_also_run_disabled_tests"
Directory: C:/Mini Exchange/build/tests
"MatchingEngineTest.MarketBuyAgainstEmptyBookNoTrade" start time: Jul 14 20:13 India Standard Time
Output:
----------------------------------------------------------
Running main() from C:/Mini Exchange/build/_deps/googletest-src/googletest/src/gtest_main.cc
Note: Google Test filter = MatchingEngineTest.MarketBuyAgainstEmptyBookNoTrade
[==========] Running 1 test from 1 test suite.
[----------] Global test environment set-up.
[----------] 1 test from MatchingEngineTest
[ RUN      ] MatchingEngineTest.MarketBuyAgainstEmptyBookNoTrade
[       OK ] MatchingEngineTest.MarketBuyAgainstEmptyBookNoTrade (0 ms)
[----------] 1 test from MatchingEngineTest (0 ms total)

[----------] Global test environment tear-down
[==========] 1 test from 1 test suite ran. (0 ms total)
[  PASSED  ] 1 test.
<end of output>
Test time =   0.01 sec
----------------------------------------------------------
Test Passed.
"MatchingEngineTest.MarketBuyAgainstEmptyBookNoTrade" end time: Jul 14 20:13 India Standard Time
"MatchingEngineTest.MarketBuyAgainstEmptyBookNoTrade" time elapsed: 00:00:00
----------------------------------------------------------

31/55 Testing: MatchingEngineTest.MarketBuyMatchesRestingAsk
31/55 Test: MatchingEngineTest.MarketBuyMatchesRestingAsk
Command: "C:/Mini Exchange/build/tests/TestMatchingEngine.exe" "--gtest_filter=MatchingEngineTest.MarketBuyMatchesRestingAsk" "--gtest_also_run_disabled_tests"
Directory: C:/Mini Exchange/build/tests
"MatchingEngineTest.MarketBuyMatchesRestingAsk" start time: Jul 14 20:13 India Standard Time
Output:
----------------------------------------------------------
Running main() from C:/Mini Exchange/build/_deps/googletest-src/googletest/src/gtest_main.cc
Note: Google Test filter = MatchingEngineTest.MarketBuyMatchesRestingAsk
[==========] Running 1 test from 1 test suite.
[----------] Global test environment set-up.
[----------] 1 test from MatchingEngineTest
[ RUN      ] MatchingEngineTest.MarketBuyMatchesRestingAsk
[       OK ] MatchingEngineTest.MarketBuyMatchesRestingAsk (0 ms)
[----------] 1 test from MatchingEngineTest (0 ms total)

[----------] Global test environment tear-down
[==========] 1 test from 1 test suite ran. (0 ms total)
[  PASSED  ] 1 test.
<end of output>
Test time =   0.01 sec
----------------------------------------------------------
Test Passed.
"MatchingEngineTest.MarketBuyMatchesRestingAsk" end time: Jul 14 20:13 India Standard Time
"MatchingEngineTest.MarketBuyMatchesRestingAsk" time elapsed: 00:00:00
----------------------------------------------------------

32/55 Testing: MatchingEngineTest.MarketSellMatchesRestingBid
32/55 Test: MatchingEngineTest.MarketSellMatchesRestingBid
Command: "C:/Mini Exchange/build/tests/TestMatchingEngine.exe" "--gtest_filter=MatchingEngineTest.MarketSellMatchesRestingBid" "--gtest_also_run_disabled_tests"
Directory: C:/Mini Exchange/build/tests
"MatchingEngineTest.MarketSellMatchesRestingBid" start time: Jul 14 20:13 India Standard Time
Output:
----------------------------------------------------------
Running main() from C:/Mini Exchange/build/_deps/googletest-src/googletest/src/gtest_main.cc
Note: Google Test filter = MatchingEngineTest.MarketSellMatchesRestingBid
[==========] Running 1 test from 1 test suite.
[----------] Global test environment set-up.
[----------] 1 test from MatchingEngineTest
[ RUN      ] MatchingEngineTest.MarketSellMatchesRestingBid
[       OK ] MatchingEngineTest.MarketSellMatchesRestingBid (0 ms)
[----------] 1 test from MatchingEngineTest (0 ms total)

[----------] Global test environment tear-down
[==========] 1 test from 1 test suite ran. (0 ms total)
[  PASSED  ] 1 test.
<end of output>
Test time =   0.01 sec
----------------------------------------------------------
Test Passed.
"MatchingEngineTest.MarketSellMatchesRestingBid" end time: Jul 14 20:13 India Standard Time
"MatchingEngineTest.MarketSellMatchesRestingBid" time elapsed: 00:00:00
----------------------------------------------------------

33/55 Testing: MatchingEngineTest.MarketOrderDoesNotRestAfterPartialFill
33/55 Test: MatchingEngineTest.MarketOrderDoesNotRestAfterPartialFill
Command: "C:/Mini Exchange/build/tests/TestMatchingEngine.exe" "--gtest_filter=MatchingEngineTest.MarketOrderDoesNotRestAfterPartialFill" "--gtest_also_run_disabled_tests"
Directory: C:/Mini Exchange/build/tests
"MatchingEngineTest.MarketOrderDoesNotRestAfterPartialFill" start time: Jul 14 20:13 India Standard Time
Output:
----------------------------------------------------------
Running main() from C:/Mini Exchange/build/_deps/googletest-src/googletest/src/gtest_main.cc
Note: Google Test filter = MatchingEngineTest.MarketOrderDoesNotRestAfterPartialFill
[==========] Running 1 test from 1 test suite.
[----------] Global test environment set-up.
[----------] 1 test from MatchingEngineTest
[ RUN      ] MatchingEngineTest.MarketOrderDoesNotRestAfterPartialFill
[       OK ] MatchingEngineTest.MarketOrderDoesNotRestAfterPartialFill (0 ms)
[----------] 1 test from MatchingEngineTest (0 ms total)

[----------] Global test environment tear-down
[==========] 1 test from 1 test suite ran. (0 ms total)
[  PASSED  ] 1 test.
<end of output>
Test time =   0.01 sec
----------------------------------------------------------
Test Passed.
"MatchingEngineTest.MarketOrderDoesNotRestAfterPartialFill" end time: Jul 14 20:13 India Standard Time
"MatchingEngineTest.MarketOrderDoesNotRestAfterPartialFill" time elapsed: 00:00:00
----------------------------------------------------------

34/55 Testing: MatchingEngineTest.TimeOrderWithinPriceLevel
34/55 Test: MatchingEngineTest.TimeOrderWithinPriceLevel
Command: "C:/Mini Exchange/build/tests/TestMatchingEngine.exe" "--gtest_filter=MatchingEngineTest.TimeOrderWithinPriceLevel" "--gtest_also_run_disabled_tests"
Directory: C:/Mini Exchange/build/tests
"MatchingEngineTest.TimeOrderWithinPriceLevel" start time: Jul 14 20:13 India Standard Time
Output:
----------------------------------------------------------
Running main() from C:/Mini Exchange/build/_deps/googletest-src/googletest/src/gtest_main.cc
Note: Google Test filter = MatchingEngineTest.TimeOrderWithinPriceLevel
[==========] Running 1 test from 1 test suite.
[----------] Global test environment set-up.
[----------] 1 test from MatchingEngineTest
[ RUN      ] MatchingEngineTest.TimeOrderWithinPriceLevel
[       OK ] MatchingEngineTest.TimeOrderWithinPriceLevel (0 ms)
[----------] 1 test from MatchingEngineTest (0 ms total)

[----------] Global test environment tear-down
[==========] 1 test from 1 test suite ran. (0 ms total)
[  PASSED  ] 1 test.
<end of output>
Test time =   0.01 sec
----------------------------------------------------------
Test Passed.
"MatchingEngineTest.TimeOrderWithinPriceLevel" end time: Jul 14 20:13 India Standard Time
"MatchingEngineTest.TimeOrderWithinPriceLevel" time elapsed: 00:00:00
----------------------------------------------------------

35/55 Testing: MatchingEngineTest.TradeIdsAreUnique
35/55 Test: MatchingEngineTest.TradeIdsAreUnique
Command: "C:/Mini Exchange/build/tests/TestMatchingEngine.exe" "--gtest_filter=MatchingEngineTest.TradeIdsAreUnique" "--gtest_also_run_disabled_tests"
Directory: C:/Mini Exchange/build/tests
"MatchingEngineTest.TradeIdsAreUnique" start time: Jul 14 20:13 India Standard Time
Output:
----------------------------------------------------------
Running main() from C:/Mini Exchange/build/_deps/googletest-src/googletest/src/gtest_main.cc
Note: Google Test filter = MatchingEngineTest.TradeIdsAreUnique
[==========] Running 1 test from 1 test suite.
[----------] Global test environment set-up.
[----------] 1 test from MatchingEngineTest
[ RUN      ] MatchingEngineTest.TradeIdsAreUnique
[       OK ] MatchingEngineTest.TradeIdsAreUnique (0 ms)
[----------] 1 test from MatchingEngineTest (0 ms total)

[----------] Global test environment tear-down
[==========] 1 test from 1 test suite ran. (0 ms total)
[  PASSED  ] 1 test.
<end of output>
Test time =   0.01 sec
----------------------------------------------------------
Test Passed.
"MatchingEngineTest.TradeIdsAreUnique" end time: Jul 14 20:13 India Standard Time
"MatchingEngineTest.TradeIdsAreUnique" time elapsed: 00:00:00
----------------------------------------------------------

36/55 Testing: MatchingEngineTest.VolumeStatsEmptyHistory
36/55 Test: MatchingEngineTest.VolumeStatsEmptyHistory
Command: "C:/Mini Exchange/build/tests/TestMatchingEngine.exe" "--gtest_filter=MatchingEngineTest.VolumeStatsEmptyHistory" "--gtest_also_run_disabled_tests"
Directory: C:/Mini Exchange/build/tests
"MatchingEngineTest.VolumeStatsEmptyHistory" start time: Jul 14 20:13 India Standard Time
Output:
----------------------------------------------------------
Running main() from C:/Mini Exchange/build/_deps/googletest-src/googletest/src/gtest_main.cc
Note: Google Test filter = MatchingEngineTest.VolumeStatsEmptyHistory
[==========] Running 1 test from 1 test suite.
[----------] Global test environment set-up.
[----------] 1 test from MatchingEngineTest
[ RUN      ] MatchingEngineTest.VolumeStatsEmptyHistory
[       OK ] MatchingEngineTest.VolumeStatsEmptyHistory (0 ms)
[----------] 1 test from MatchingEngineTest (0 ms total)

[----------] Global test environment tear-down
[==========] 1 test from 1 test suite ran. (0 ms total)
[  PASSED  ] 1 test.
<end of output>
Test time =   0.01 sec
----------------------------------------------------------
Test Passed.
"MatchingEngineTest.VolumeStatsEmptyHistory" end time: Jul 14 20:13 India Standard Time
"MatchingEngineTest.VolumeStatsEmptyHistory" time elapsed: 00:00:00
----------------------------------------------------------

37/55 Testing: MatchingEngineTest.VolumeStatsAfterTrades
37/55 Test: MatchingEngineTest.VolumeStatsAfterTrades
Command: "C:/Mini Exchange/build/tests/TestMatchingEngine.exe" "--gtest_filter=MatchingEngineTest.VolumeStatsAfterTrades" "--gtest_also_run_disabled_tests"
Directory: C:/Mini Exchange/build/tests
"MatchingEngineTest.VolumeStatsAfterTrades" start time: Jul 14 20:13 India Standard Time
Output:
----------------------------------------------------------
Running main() from C:/Mini Exchange/build/_deps/googletest-src/googletest/src/gtest_main.cc
Note: Google Test filter = MatchingEngineTest.VolumeStatsAfterTrades
[==========] Running 1 test from 1 test suite.
[----------] Global test environment set-up.
[----------] 1 test from MatchingEngineTest
[ RUN      ] MatchingEngineTest.VolumeStatsAfterTrades
[       OK ] MatchingEngineTest.VolumeStatsAfterTrades (0 ms)
[----------] 1 test from MatchingEngineTest (0 ms total)

[----------] Global test environment tear-down
[==========] 1 test from 1 test suite ran. (0 ms total)
[  PASSED  ] 1 test.
<end of output>
Test time =   0.01 sec
----------------------------------------------------------
Test Passed.
"MatchingEngineTest.VolumeStatsAfterTrades" end time: Jul 14 20:13 India Standard Time
"MatchingEngineTest.VolumeStatsAfterTrades" time elapsed: 00:00:00
----------------------------------------------------------

38/55 Testing: CancelModifyTest.CancelKnownOrderReturnsTrue
38/55 Test: CancelModifyTest.CancelKnownOrderReturnsTrue
Command: "C:/Mini Exchange/build/tests/TestCancelModify.exe" "--gtest_filter=CancelModifyTest.CancelKnownOrderReturnsTrue" "--gtest_also_run_disabled_tests"
Directory: C:/Mini Exchange/build/tests
"CancelModifyTest.CancelKnownOrderReturnsTrue" start time: Jul 14 20:13 India Standard Time
Output:
----------------------------------------------------------
Running main() from C:/Mini Exchange/build/_deps/googletest-src/googletest/src/gtest_main.cc
Note: Google Test filter = CancelModifyTest.CancelKnownOrderReturnsTrue
[==========] Running 1 test from 1 test suite.
[----------] Global test environment set-up.
[----------] 1 test from CancelModifyTest
[ RUN      ] CancelModifyTest.CancelKnownOrderReturnsTrue
[       OK ] CancelModifyTest.CancelKnownOrderReturnsTrue (0 ms)
[----------] 1 test from CancelModifyTest (0 ms total)

[----------] Global test environment tear-down
[==========] 1 test from 1 test suite ran. (0 ms total)
[  PASSED  ] 1 test.
<end of output>
Test time =   0.01 sec
----------------------------------------------------------
Test Passed.
"CancelModifyTest.CancelKnownOrderReturnsTrue" end time: Jul 14 20:13 India Standard Time
"CancelModifyTest.CancelKnownOrderReturnsTrue" time elapsed: 00:00:00
----------------------------------------------------------

39/55 Testing: CancelModifyTest.CancelRemovesFromBook
39/55 Test: CancelModifyTest.CancelRemovesFromBook
Command: "C:/Mini Exchange/build/tests/TestCancelModify.exe" "--gtest_filter=CancelModifyTest.CancelRemovesFromBook" "--gtest_also_run_disabled_tests"
Directory: C:/Mini Exchange/build/tests
"CancelModifyTest.CancelRemovesFromBook" start time: Jul 14 20:13 India Standard Time
Output:
----------------------------------------------------------
Running main() from C:/Mini Exchange/build/_deps/googletest-src/googletest/src/gtest_main.cc
Note: Google Test filter = CancelModifyTest.CancelRemovesFromBook
[==========] Running 1 test from 1 test suite.
[----------] Global test environment set-up.
[----------] 1 test from CancelModifyTest
[ RUN      ] CancelModifyTest.CancelRemovesFromBook
[       OK ] CancelModifyTest.CancelRemovesFromBook (0 ms)
[----------] 1 test from CancelModifyTest (0 ms total)

[----------] Global test environment tear-down
[==========] 1 test from 1 test suite ran. (0 ms total)
[  PASSED  ] 1 test.
<end of output>
Test time =   0.01 sec
----------------------------------------------------------
Test Passed.
"CancelModifyTest.CancelRemovesFromBook" end time: Jul 14 20:13 India Standard Time
"CancelModifyTest.CancelRemovesFromBook" time elapsed: 00:00:00
----------------------------------------------------------

40/55 Testing: CancelModifyTest.CancelUnknownOrderReturnsFalse
40/55 Test: CancelModifyTest.CancelUnknownOrderReturnsFalse
Command: "C:/Mini Exchange/build/tests/TestCancelModify.exe" "--gtest_filter=CancelModifyTest.CancelUnknownOrderReturnsFalse" "--gtest_also_run_disabled_tests"
Directory: C:/Mini Exchange/build/tests
"CancelModifyTest.CancelUnknownOrderReturnsFalse" start time: Jul 14 20:13 India Standard Time
Output:
----------------------------------------------------------
Running main() from C:/Mini Exchange/build/_deps/googletest-src/googletest/src/gtest_main.cc
Note: Google Test filter = CancelModifyTest.CancelUnknownOrderReturnsFalse
[==========] Running 1 test from 1 test suite.
[----------] Global test environment set-up.
[----------] 1 test from CancelModifyTest
[ RUN      ] CancelModifyTest.CancelUnknownOrderReturnsFalse
[       OK ] CancelModifyTest.CancelUnknownOrderReturnsFalse (0 ms)
[----------] 1 test from CancelModifyTest (0 ms total)

[----------] Global test environment tear-down
[==========] 1 test from 1 test suite ran. (0 ms total)
[  PASSED  ] 1 test.
<end of output>
Test time =   0.01 sec
----------------------------------------------------------
Test Passed.
"CancelModifyTest.CancelUnknownOrderReturnsFalse" end time: Jul 14 20:13 India Standard Time
"CancelModifyTest.CancelUnknownOrderReturnsFalse" time elapsed: 00:00:00
----------------------------------------------------------

41/55 Testing: CancelModifyTest.DoubleCancelReturnsFalseSecondTime
41/55 Test: CancelModifyTest.DoubleCancelReturnsFalseSecondTime
Command: "C:/Mini Exchange/build/tests/TestCancelModify.exe" "--gtest_filter=CancelModifyTest.DoubleCancelReturnsFalseSecondTime" "--gtest_also_run_disabled_tests"
Directory: C:/Mini Exchange/build/tests
"CancelModifyTest.DoubleCancelReturnsFalseSecondTime" start time: Jul 14 20:13 India Standard Time
Output:
----------------------------------------------------------
Running main() from C:/Mini Exchange/build/_deps/googletest-src/googletest/src/gtest_main.cc
Note: Google Test filter = CancelModifyTest.DoubleCancelReturnsFalseSecondTime
[==========] Running 1 test from 1 test suite.
[----------] Global test environment set-up.
[----------] 1 test from CancelModifyTest
[ RUN      ] CancelModifyTest.DoubleCancelReturnsFalseSecondTime
[       OK ] CancelModifyTest.DoubleCancelReturnsFalseSecondTime (0 ms)
[----------] 1 test from CancelModifyTest (0 ms total)

[----------] Global test environment tear-down
[==========] 1 test from 1 test suite ran. (0 ms total)
[  PASSED  ] 1 test.
<end of output>
Test time =   0.01 sec
----------------------------------------------------------
Test Passed.
"CancelModifyTest.DoubleCancelReturnsFalseSecondTime" end time: Jul 14 20:13 India Standard Time
"CancelModifyTest.DoubleCancelReturnsFalseSecondTime" time elapsed: 00:00:00
----------------------------------------------------------

42/55 Testing: CancelModifyTest.CancelOneSideDoesNotAffectOther
42/55 Test: CancelModifyTest.CancelOneSideDoesNotAffectOther
Command: "C:/Mini Exchange/build/tests/TestCancelModify.exe" "--gtest_filter=CancelModifyTest.CancelOneSideDoesNotAffectOther" "--gtest_also_run_disabled_tests"
Directory: C:/Mini Exchange/build/tests
"CancelModifyTest.CancelOneSideDoesNotAffectOther" start time: Jul 14 20:13 India Standard Time
Output:
----------------------------------------------------------
Running main() from C:/Mini Exchange/build/_deps/googletest-src/googletest/src/gtest_main.cc
Note: Google Test filter = CancelModifyTest.CancelOneSideDoesNotAffectOther
[==========] Running 1 test from 1 test suite.
[----------] Global test environment set-up.
[----------] 1 test from CancelModifyTest
[ RUN      ] CancelModifyTest.CancelOneSideDoesNotAffectOther
[       OK ] CancelModifyTest.CancelOneSideDoesNotAffectOther (0 ms)
[----------] 1 test from CancelModifyTest (0 ms total)

[----------] Global test environment tear-down
[==========] 1 test from 1 test suite ran. (0 ms total)
[  PASSED  ] 1 test.
<end of output>
Test time =   0.01 sec
----------------------------------------------------------
Test Passed.
"CancelModifyTest.CancelOneSideDoesNotAffectOther" end time: Jul 14 20:13 India Standard Time
"CancelModifyTest.CancelOneSideDoesNotAffectOther" time elapsed: 00:00:00
----------------------------------------------------------

43/55 Testing: CancelModifyTest.ModifyNonExistentReturnsFalse
43/55 Test: CancelModifyTest.ModifyNonExistentReturnsFalse
Command: "C:/Mini Exchange/build/tests/TestCancelModify.exe" "--gtest_filter=CancelModifyTest.ModifyNonExistentReturnsFalse" "--gtest_also_run_disabled_tests"
Directory: C:/Mini Exchange/build/tests
"CancelModifyTest.ModifyNonExistentReturnsFalse" start time: Jul 14 20:13 India Standard Time
Output:
----------------------------------------------------------
Running main() from C:/Mini Exchange/build/_deps/googletest-src/googletest/src/gtest_main.cc
Note: Google Test filter = CancelModifyTest.ModifyNonExistentReturnsFalse
[==========] Running 1 test from 1 test suite.
[----------] Global test environment set-up.
[----------] 1 test from CancelModifyTest
[ RUN      ] CancelModifyTest.ModifyNonExistentReturnsFalse
[       OK ] CancelModifyTest.ModifyNonExistentReturnsFalse (0 ms)
[----------] 1 test from CancelModifyTest (0 ms total)

[----------] Global test environment tear-down
[==========] 1 test from 1 test suite ran. (0 ms total)
[  PASSED  ] 1 test.
<end of output>
Test time =   0.01 sec
----------------------------------------------------------
Test Passed.
"CancelModifyTest.ModifyNonExistentReturnsFalse" end time: Jul 14 20:13 India Standard Time
"CancelModifyTest.ModifyNonExistentReturnsFalse" time elapsed: 00:00:00
----------------------------------------------------------

44/55 Testing: CancelModifyTest.ModifyUpdatesPrice
44/55 Test: CancelModifyTest.ModifyUpdatesPrice
Command: "C:/Mini Exchange/build/tests/TestCancelModify.exe" "--gtest_filter=CancelModifyTest.ModifyUpdatesPrice" "--gtest_also_run_disabled_tests"
Directory: C:/Mini Exchange/build/tests
"CancelModifyTest.ModifyUpdatesPrice" start time: Jul 14 20:13 India Standard Time
Output:
----------------------------------------------------------
Running main() from C:/Mini Exchange/build/_deps/googletest-src/googletest/src/gtest_main.cc
Note: Google Test filter = CancelModifyTest.ModifyUpdatesPrice
[==========] Running 1 test from 1 test suite.
[----------] Global test environment set-up.
[----------] 1 test from CancelModifyTest
[ RUN      ] CancelModifyTest.ModifyUpdatesPrice
[       OK ] CancelModifyTest.ModifyUpdatesPrice (0 ms)
[----------] 1 test from CancelModifyTest (0 ms total)

[----------] Global test environment tear-down
[==========] 1 test from 1 test suite ran. (0 ms total)
[  PASSED  ] 1 test.
<end of output>
Test time =   0.01 sec
----------------------------------------------------------
Test Passed.
"CancelModifyTest.ModifyUpdatesPrice" end time: Jul 14 20:13 India Standard Time
"CancelModifyTest.ModifyUpdatesPrice" time elapsed: 00:00:00
----------------------------------------------------------

45/55 Testing: CancelModifyTest.ModifyUpdatesQuantity
45/55 Test: CancelModifyTest.ModifyUpdatesQuantity
Command: "C:/Mini Exchange/build/tests/TestCancelModify.exe" "--gtest_filter=CancelModifyTest.ModifyUpdatesQuantity" "--gtest_also_run_disabled_tests"
Directory: C:/Mini Exchange/build/tests
"CancelModifyTest.ModifyUpdatesQuantity" start time: Jul 14 20:13 India Standard Time
Output:
----------------------------------------------------------
Running main() from C:/Mini Exchange/build/_deps/googletest-src/googletest/src/gtest_main.cc
Note: Google Test filter = CancelModifyTest.ModifyUpdatesQuantity
[==========] Running 1 test from 1 test suite.
[----------] Global test environment set-up.
[----------] 1 test from CancelModifyTest
[ RUN      ] CancelModifyTest.ModifyUpdatesQuantity
[       OK ] CancelModifyTest.ModifyUpdatesQuantity (0 ms)
[----------] 1 test from CancelModifyTest (0 ms total)

[----------] Global test environment tear-down
[==========] 1 test from 1 test suite ran. (0 ms total)
[  PASSED  ] 1 test.
<end of output>
Test time =   0.01 sec
----------------------------------------------------------
Test Passed.
"CancelModifyTest.ModifyUpdatesQuantity" end time: Jul 14 20:13 India Standard Time
"CancelModifyTest.ModifyUpdatesQuantity" time elapsed: 00:00:00
----------------------------------------------------------

46/55 Testing: CancelModifyTest.ModifyRetainsSameOrderId
46/55 Test: CancelModifyTest.ModifyRetainsSameOrderId
Command: "C:/Mini Exchange/build/tests/TestCancelModify.exe" "--gtest_filter=CancelModifyTest.ModifyRetainsSameOrderId" "--gtest_also_run_disabled_tests"
Directory: C:/Mini Exchange/build/tests
"CancelModifyTest.ModifyRetainsSameOrderId" start time: Jul 14 20:13 India Standard Time
Output:
----------------------------------------------------------
Running main() from C:/Mini Exchange/build/_deps/googletest-src/googletest/src/gtest_main.cc
Note: Google Test filter = CancelModifyTest.ModifyRetainsSameOrderId
[==========] Running 1 test from 1 test suite.
[----------] Global test environment set-up.
[----------] 1 test from CancelModifyTest
[ RUN      ] CancelModifyTest.ModifyRetainsSameOrderId
[       OK ] CancelModifyTest.ModifyRetainsSameOrderId (0 ms)
[----------] 1 test from CancelModifyTest (0 ms total)

[----------] Global test environment tear-down
[==========] 1 test from 1 test suite ran. (0 ms total)
[  PASSED  ] 1 test.
<end of output>
Test time =   0.01 sec
----------------------------------------------------------
Test Passed.
"CancelModifyTest.ModifyRetainsSameOrderId" end time: Jul 14 20:13 India Standard Time
"CancelModifyTest.ModifyRetainsSameOrderId" time elapsed: 00:00:00
----------------------------------------------------------

47/55 Testing: CancelModifyTest.ModifyCanTriggerMatch
47/55 Test: CancelModifyTest.ModifyCanTriggerMatch
Command: "C:/Mini Exchange/build/tests/TestCancelModify.exe" "--gtest_filter=CancelModifyTest.ModifyCanTriggerMatch" "--gtest_also_run_disabled_tests"
Directory: C:/Mini Exchange/build/tests
"CancelModifyTest.ModifyCanTriggerMatch" start time: Jul 14 20:13 India Standard Time
Output:
----------------------------------------------------------
Running main() from C:/Mini Exchange/build/_deps/googletest-src/googletest/src/gtest_main.cc
Note: Google Test filter = CancelModifyTest.ModifyCanTriggerMatch
[==========] Running 1 test from 1 test suite.
[----------] Global test environment set-up.
[----------] 1 test from CancelModifyTest
[ RUN      ] CancelModifyTest.ModifyCanTriggerMatch
[       OK ] CancelModifyTest.ModifyCanTriggerMatch (0 ms)
[----------] 1 test from CancelModifyTest (0 ms total)

[----------] Global test environment tear-down
[==========] 1 test from 1 test suite ran. (0 ms total)
[  PASSED  ] 1 test.
<end of output>
Test time =   0.01 sec
----------------------------------------------------------
Test Passed.
"CancelModifyTest.ModifyCanTriggerMatch" end time: Jul 14 20:13 India Standard Time
"CancelModifyTest.ModifyCanTriggerMatch" time elapsed: 00:00:00
----------------------------------------------------------

48/55 Testing: CancelModifyTest.ModifyLosesTimePriority
48/55 Test: CancelModifyTest.ModifyLosesTimePriority
Command: "C:/Mini Exchange/build/tests/TestCancelModify.exe" "--gtest_filter=CancelModifyTest.ModifyLosesTimePriority" "--gtest_also_run_disabled_tests"
Directory: C:/Mini Exchange/build/tests
"CancelModifyTest.ModifyLosesTimePriority" start time: Jul 14 20:13 India Standard Time
Output:
----------------------------------------------------------
Running main() from C:/Mini Exchange/build/_deps/googletest-src/googletest/src/gtest_main.cc
Note: Google Test filter = CancelModifyTest.ModifyLosesTimePriority
[==========] Running 1 test from 1 test suite.
[----------] Global test environment set-up.
[----------] 1 test from CancelModifyTest
[ RUN      ] CancelModifyTest.ModifyLosesTimePriority
[       OK ] CancelModifyTest.ModifyLosesTimePriority (0 ms)
[----------] 1 test from CancelModifyTest (0 ms total)

[----------] Global test environment tear-down
[==========] 1 test from 1 test suite ran. (0 ms total)
[  PASSED  ] 1 test.
<end of output>
Test time =   0.01 sec
----------------------------------------------------------
Test Passed.
"CancelModifyTest.ModifyLosesTimePriority" end time: Jul 14 20:13 India Standard Time
"CancelModifyTest.ModifyLosesTimePriority" time elapsed: 00:00:00
----------------------------------------------------------

49/55 Testing: CancelModifyTest.OverfillThrowsInvalidArgument
49/55 Test: CancelModifyTest.OverfillThrowsInvalidArgument
Command: "C:/Mini Exchange/build/tests/TestCancelModify.exe" "--gtest_filter=CancelModifyTest.OverfillThrowsInvalidArgument" "--gtest_also_run_disabled_tests"
Directory: C:/Mini Exchange/build/tests
"CancelModifyTest.OverfillThrowsInvalidArgument" start time: Jul 14 20:13 India Standard Time
Output:
----------------------------------------------------------
Running main() from C:/Mini Exchange/build/_deps/googletest-src/googletest/src/gtest_main.cc
Note: Google Test filter = CancelModifyTest.OverfillThrowsInvalidArgument
[==========] Running 1 test from 1 test suite.
[----------] Global test environment set-up.
[----------] 1 test from CancelModifyTest
[ RUN      ] CancelModifyTest.OverfillThrowsInvalidArgument
[       OK ] CancelModifyTest.OverfillThrowsInvalidArgument (0 ms)
[----------] 1 test from CancelModifyTest (0 ms total)

[----------] Global test environment tear-down
[==========] 1 test from 1 test suite ran. (0 ms total)
[  PASSED  ] 1 test.
<end of output>
Test time =   0.01 sec
----------------------------------------------------------
Test Passed.
"CancelModifyTest.OverfillThrowsInvalidArgument" end time: Jul 14 20:13 India Standard Time
"CancelModifyTest.OverfillThrowsInvalidArgument" time elapsed: 00:00:00
----------------------------------------------------------

50/55 Testing: CancelModifyTest.ZeroQuantityOrderThrows
50/55 Test: CancelModifyTest.ZeroQuantityOrderThrows
Command: "C:/Mini Exchange/build/tests/TestCancelModify.exe" "--gtest_filter=CancelModifyTest.ZeroQuantityOrderThrows" "--gtest_also_run_disabled_tests"
Directory: C:/Mini Exchange/build/tests
"CancelModifyTest.ZeroQuantityOrderThrows" start time: Jul 14 20:13 India Standard Time
Output:
----------------------------------------------------------
Running main() from C:/Mini Exchange/build/_deps/googletest-src/googletest/src/gtest_main.cc
Note: Google Test filter = CancelModifyTest.ZeroQuantityOrderThrows
[==========] Running 1 test from 1 test suite.
[----------] Global test environment set-up.
[----------] 1 test from CancelModifyTest
[ RUN      ] CancelModifyTest.ZeroQuantityOrderThrows
[       OK ] CancelModifyTest.ZeroQuantityOrderThrows (0 ms)
[----------] 1 test from CancelModifyTest (0 ms total)

[----------] Global test environment tear-down
[==========] 1 test from 1 test suite ran. (0 ms total)
[  PASSED  ] 1 test.
<end of output>
Test time =   0.01 sec
----------------------------------------------------------
Test Passed.
"CancelModifyTest.ZeroQuantityOrderThrows" end time: Jul 14 20:13 India Standard Time
"CancelModifyTest.ZeroQuantityOrderThrows" time elapsed: 00:00:00
----------------------------------------------------------

51/55 Testing: CancelModifyTest.ZeroQuantityMarketOrderThrows
51/55 Test: CancelModifyTest.ZeroQuantityMarketOrderThrows
Command: "C:/Mini Exchange/build/tests/TestCancelModify.exe" "--gtest_filter=CancelModifyTest.ZeroQuantityMarketOrderThrows" "--gtest_also_run_disabled_tests"
Directory: C:/Mini Exchange/build/tests
"CancelModifyTest.ZeroQuantityMarketOrderThrows" start time: Jul 14 20:13 India Standard Time
Output:
----------------------------------------------------------
Running main() from C:/Mini Exchange/build/_deps/googletest-src/googletest/src/gtest_main.cc
Note: Google Test filter = CancelModifyTest.ZeroQuantityMarketOrderThrows
[==========] Running 1 test from 1 test suite.
[----------] Global test environment set-up.
[----------] 1 test from CancelModifyTest
[ RUN      ] CancelModifyTest.ZeroQuantityMarketOrderThrows
[       OK ] CancelModifyTest.ZeroQuantityMarketOrderThrows (0 ms)
[----------] 1 test from CancelModifyTest (0 ms total)

[----------] Global test environment tear-down
[==========] 1 test from 1 test suite ran. (0 ms total)
[  PASSED  ] 1 test.
<end of output>
Test time =   0.01 sec
----------------------------------------------------------
Test Passed.
"CancelModifyTest.ZeroQuantityMarketOrderThrows" end time: Jul 14 20:13 India Standard Time
"CancelModifyTest.ZeroQuantityMarketOrderThrows" time elapsed: 00:00:00
----------------------------------------------------------

52/55 Testing: CancelModifyTest.NegativePriceLimitOrderThrows
52/55 Test: CancelModifyTest.NegativePriceLimitOrderThrows
Command: "C:/Mini Exchange/build/tests/TestCancelModify.exe" "--gtest_filter=CancelModifyTest.NegativePriceLimitOrderThrows" "--gtest_also_run_disabled_tests"
Directory: C:/Mini Exchange/build/tests
"CancelModifyTest.NegativePriceLimitOrderThrows" start time: Jul 14 20:13 India Standard Time
Output:
----------------------------------------------------------
Running main() from C:/Mini Exchange/build/_deps/googletest-src/googletest/src/gtest_main.cc
Note: Google Test filter = CancelModifyTest.NegativePriceLimitOrderThrows
[==========] Running 1 test from 1 test suite.
[----------] Global test environment set-up.
[----------] 1 test from CancelModifyTest
[ RUN      ] CancelModifyTest.NegativePriceLimitOrderThrows
[       OK ] CancelModifyTest.NegativePriceLimitOrderThrows (0 ms)
[----------] 1 test from CancelModifyTest (0 ms total)

[----------] Global test environment tear-down
[==========] 1 test from 1 test suite ran. (0 ms total)
[  PASSED  ] 1 test.
<end of output>
Test time =   0.01 sec
----------------------------------------------------------
Test Passed.
"CancelModifyTest.NegativePriceLimitOrderThrows" end time: Jul 14 20:13 India Standard Time
"CancelModifyTest.NegativePriceLimitOrderThrows" time elapsed: 00:00:00
----------------------------------------------------------

53/55 Testing: CancelModifyTest.ZeroPriceLimitOrderThrows
53/55 Test: CancelModifyTest.ZeroPriceLimitOrderThrows
Command: "C:/Mini Exchange/build/tests/TestCancelModify.exe" "--gtest_filter=CancelModifyTest.ZeroPriceLimitOrderThrows" "--gtest_also_run_disabled_tests"
Directory: C:/Mini Exchange/build/tests
"CancelModifyTest.ZeroPriceLimitOrderThrows" start time: Jul 14 20:13 India Standard Time
Output:
----------------------------------------------------------
Running main() from C:/Mini Exchange/build/_deps/googletest-src/googletest/src/gtest_main.cc
Note: Google Test filter = CancelModifyTest.ZeroPriceLimitOrderThrows
[==========] Running 1 test from 1 test suite.
[----------] Global test environment set-up.
[----------] 1 test from CancelModifyTest
[ RUN      ] CancelModifyTest.ZeroPriceLimitOrderThrows
[       OK ] CancelModifyTest.ZeroPriceLimitOrderThrows (0 ms)
[----------] 1 test from CancelModifyTest (0 ms total)

[----------] Global test environment tear-down
[==========] 1 test from 1 test suite ran. (0 ms total)
[  PASSED  ] 1 test.
<end of output>
Test time =   0.01 sec
----------------------------------------------------------
Test Passed.
"CancelModifyTest.ZeroPriceLimitOrderThrows" end time: Jul 14 20:13 India Standard Time
"CancelModifyTest.ZeroPriceLimitOrderThrows" time elapsed: 00:00:00
----------------------------------------------------------

54/55 Testing: CancelModifyTest.GetTradesBySymbolFiltersCorrectly
54/55 Test: CancelModifyTest.GetTradesBySymbolFiltersCorrectly
Command: "C:/Mini Exchange/build/tests/TestCancelModify.exe" "--gtest_filter=CancelModifyTest.GetTradesBySymbolFiltersCorrectly" "--gtest_also_run_disabled_tests"
Directory: C:/Mini Exchange/build/tests
"CancelModifyTest.GetTradesBySymbolFiltersCorrectly" start time: Jul 14 20:13 India Standard Time
Output:
----------------------------------------------------------
Running main() from C:/Mini Exchange/build/_deps/googletest-src/googletest/src/gtest_main.cc
Note: Google Test filter = CancelModifyTest.GetTradesBySymbolFiltersCorrectly
[==========] Running 1 test from 1 test suite.
[----------] Global test environment set-up.
[----------] 1 test from CancelModifyTest
[ RUN      ] CancelModifyTest.GetTradesBySymbolFiltersCorrectly
[       OK ] CancelModifyTest.GetTradesBySymbolFiltersCorrectly (0 ms)
[----------] 1 test from CancelModifyTest (0 ms total)

[----------] Global test environment tear-down
[==========] 1 test from 1 test suite ran. (0 ms total)
[  PASSED  ] 1 test.
<end of output>
Test time =   0.01 sec
----------------------------------------------------------
Test Passed.
"CancelModifyTest.GetTradesBySymbolFiltersCorrectly" end time: Jul 14 20:13 India Standard Time
"CancelModifyTest.GetTradesBySymbolFiltersCorrectly" time elapsed: 00:00:00
----------------------------------------------------------

55/55 Testing: CancelModifyTest.GetTradesInRangeFiltersCorrectly
55/55 Test: CancelModifyTest.GetTradesInRangeFiltersCorrectly
Command: "C:/Mini Exchange/build/tests/TestCancelModify.exe" "--gtest_filter=CancelModifyTest.GetTradesInRangeFiltersCorrectly" "--gtest_also_run_disabled_tests"
Directory: C:/Mini Exchange/build/tests
"CancelModifyTest.GetTradesInRangeFiltersCorrectly" start time: Jul 14 20:13 India Standard Time
Output:
----------------------------------------------------------
Running main() from C:/Mini Exchange/build/_deps/googletest-src/googletest/src/gtest_main.cc
Note: Google Test filter = CancelModifyTest.GetTradesInRangeFiltersCorrectly
[==========] Running 1 test from 1 test suite.
[----------] Global test environment set-up.
[----------] 1 test from CancelModifyTest
[ RUN      ] CancelModifyTest.GetTradesInRangeFiltersCorrectly
[       OK ] CancelModifyTest.GetTradesInRangeFiltersCorrectly (0 ms)
[----------] 1 test from CancelModifyTest (0 ms total)

[----------] Global test environment tear-down
[==========] 1 test from 1 test suite ran. (0 ms total)
[  PASSED  ] 1 test.
<end of output>
Test time =   0.01 sec
----------------------------------------------------------
Test Passed.
"CancelModifyTest.GetTradesInRangeFiltersCorrectly" end time: Jul 14 20:13 India Standard Time
"CancelModifyTest.GetTradesInRangeFiltersCorrectly" time elapsed: 00:00:00
----------------------------------------------------------

End testing: Jul 14 20:13 India Standard Time
